[90m2023-12-15T10:20:46.010Z[39m [96mINFO[39m [97m@wdio/browserstack-service[39m app is not defined in browserstack-service config, skipping ...
[90m2023-12-15T10:20:46.011Z[39m [32mDEBUG[39m [97m@wdio/browserstack-service[39m Sending launch start event
[90m2023-12-15T10:20:47.196Z[39m [32mDEBUG[39m [97m@wdio/browserstack-service[39m [Start_Build] Success response: {"build_hashed_id":"pzh2kogk7qlsnpeitssxkihcgj83scnsqn79hkw9","jwt":"eyJhbGciOiJIUzI1NiJ9.eyJpc3MiOiJicm93c2Vyc3RhY2tfb2IiLCJzdWIiOiI0NjUyMDgzIiwiZ3JvdXBfaWQiOjUyNzgyMzcsInVzZXJfaWQiOjQ2NTIwODMsImJ1aWxkX2hhc2hlZF9pZCI6InB6aDJrb2drN3Fsc25wZWl0c3N4a2loY2dqODNzY25zcW43OWhrdzkiLCJob29rX2FzX3Rlc3QiOiIxIiwiaWF0IjoxNzAyNjM1NjQ3LCJleHAiOjE3MDI5ODEyNDd9.0DOoa9TiYxOcNCfTRvAK8T0EDZTAVyCPKfFn04ed5wI","allow_screenshots":true}
[90m2023-12-15T10:20:47.196Z[39m [96mINFO[39m [97m@wdio/browserstack-service[39m browserstackLocal is not enabled - skipping...
[90m2023-12-15T10:20:55.725Z[39m [32mDEBUG[39m [97m@wdio/browserstack-service[39m Requesting Browserstack session URL at https://api.browserstack.com/automate/sessions/bb42bbd5ba8f03948b6a7879ebc6249cec535f35.json
[90m2023-12-15T10:20:55.728Z[39m [32mDEBUG[39m [97m@wdio/browserstack-service[39m Requesting Browserstack session URL at https://api.browserstack.com/automate/sessions/51b722317e5658498baaa98710fb1c07d7783c59.json
[90m2023-12-15T10:20:56.095Z[39m [96mINFO[39m [97m@wdio/browserstack-service[39m chrome 120.0.6099.63 session: https://automate.browserstack.com/builds/a38c9f755598e9f1330681db55ed8e05f4311505/sessions/51b722317e5658498baaa98710fb1c07d7783c59
[90m2023-12-15T10:20:56.159Z[39m [96mINFO[39m [97m@wdio/browserstack-service[39m chrome 120.0.6099.63 session: https://automate.browserstack.com/builds/a38c9f755598e9f1330681db55ed8e05f4311505/sessions/bb42bbd5ba8f03948b6a7879ebc6249cec535f35
[90m2023-12-15T10:20:56.214Z[39m [96mINFO[39m [97m@wdio/browserstack-service[39m Update job with sessionId 51b722317e5658498baaa98710fb1c07d7783c59
[90m2023-12-15T10:20:56.215Z[39m [32mDEBUG[39m [97m@wdio/browserstack-service[39m Updating Browserstack session at https://api.browserstack.com/automate/sessions/51b722317e5658498baaa98710fb1c07d7783c59.json with request body: 
[90m2023-12-15T10:20:56.272Z[39m [96mINFO[39m [97m@wdio/browserstack-service[39m Update job with sessionId bb42bbd5ba8f03948b6a7879ebc6249cec535f35
[90m2023-12-15T10:20:56.273Z[39m [32mDEBUG[39m [97m@wdio/browserstack-service[39m Updating Browserstack session at https://api.browserstack.com/automate/sessions/bb42bbd5ba8f03948b6a7879ebc6249cec535f35.json with request body: 
[90m2023-12-15T10:20:56.717Z[39m [32mDEBUG[39m [97m@wdio/browserstack-service[39m Added data to request queue. Queue length = 1
[90m2023-12-15T10:20:56.718Z[39m [32mDEBUG[39m [97m@wdio/browserstack-service[39m Added data to request queue. Queue length = 1
[90m2023-12-15T10:20:56.733Z[39m [32mDEBUG[39m [97m@wdio/browserstack-service[39m Added data to request queue. Queue length = 2
[90m2023-12-15T10:20:56.746Z[39m [32mDEBUG[39m [97m@wdio/browserstack-service[39m Added data to request queue. Queue length = 2
[90m2023-12-15T10:20:56.760Z[39m [32mDEBUG[39m [97m@wdio/browserstack-service[39m Added data to request queue. Queue length = 3
[90m2023-12-15T10:20:56.766Z[39m [32mDEBUG[39m [97m@wdio/browserstack-service[39m Added data to request queue. Queue length = 3
[90m2023-12-15T10:20:56.764Z[39m [32mDEBUG[39m [97m@wdio/browserstack-service[39m Added data to request queue. Queue length = 4
[90m2023-12-15T10:20:56.768Z[39m [32mDEBUG[39m [97m@wdio/browserstack-service[39m Added data to request queue. Queue length = 4
[90m2023-12-15T10:20:57.694Z[39m [32mDEBUG[39m [97m@wdio/browserstack-service[39m Sending data from request queue. Data length = 4, Queue length after removal = 0
[90m2023-12-15T10:20:57.699Z[39m [32mDEBUG[39m [97m@wdio/browserstack-service[39m Sending data from request queue. Data length = 4, Queue length after removal = 0
[90m2023-12-15T10:20:58.522Z[39m [32mDEBUG[39m [97m@wdio/browserstack-service[39m [INTERVAL_QUEUE] Success response: {"success":true}
[90m2023-12-15T10:20:58.572Z[39m [32mDEBUG[39m [97m@wdio/browserstack-service[39m [INTERVAL_QUEUE] Success response: {"success":true}
[90m2023-12-15T10:20:58.629Z[39m [32mDEBUG[39m [97m@wdio/browserstack-service[39m Added data to request queue. Queue length = 1
[90m2023-12-15T10:20:58.630Z[39m [32mDEBUG[39m [97m@wdio/browserstack-service[39m Added data to request queue. Queue length = 2
[90m2023-12-15T10:20:58.644Z[39m [32mDEBUG[39m [97m@wdio/browserstack-service[39m Added data to request queue. Queue length = 3
[90m2023-12-15T10:20:58.645Z[39m [32mDEBUG[39m [97m@wdio/browserstack-service[39m Added data to request queue. Queue length = 4
[90m2023-12-15T10:20:59.694Z[39m [32mDEBUG[39m [97m@wdio/browserstack-service[39m Sending data from request queue. Data length = 4, Queue length after removal = 0
[90m2023-12-15T10:20:59.917Z[39m [32mDEBUG[39m [97m@wdio/browserstack-service[39m [INTERVAL_QUEUE] Success response: {"success":true}
[90m2023-12-15T10:21:02.007Z[39m [32mDEBUG[39m [97m@wdio/browserstack-service[39m Added data to request queue. Queue length = 1
[90m2023-12-15T10:21:02.022Z[39m [32mDEBUG[39m [97m@wdio/browserstack-service[39m Added data to request queue. Queue length = 1
[90m2023-12-15T10:21:02.022Z[39m [32mDEBUG[39m [97m@wdio/browserstack-service[39m Added data to request queue. Queue length = 2
[90m2023-12-15T10:21:02.040Z[39m [32mDEBUG[39m [97m@wdio/browserstack-service[39m Added data to request queue. Queue length = 3
[90m2023-12-15T10:21:02.041Z[39m [32mDEBUG[39m [97m@wdio/browserstack-service[39m Added data to request queue. Queue length = 4
[90m2023-12-15T10:21:02.100Z[39m [32mDEBUG[39m [97m@wdio/browserstack-service[39m Added data to request queue. Queue length = 5
[90m2023-12-15T10:21:02.137Z[39m [32mDEBUG[39m [97m@wdio/browserstack-service[39m Added data to request queue. Queue length = 2
[90m2023-12-15T10:21:02.188Z[39m [32mDEBUG[39m [97m@wdio/browserstack-service[39m Added data to request queue. Queue length = 6
[90m2023-12-15T10:21:02.332Z[39m [32mDEBUG[39m [97m@wdio/browserstack-service[39m Added data to request queue. Queue length = 7
[90m2023-12-15T10:21:02.345Z[39m [32mDEBUG[39m [97m@wdio/browserstack-service[39m Added data to request queue. Queue length = 3
[90m2023-12-15T10:21:02.388Z[39m [32mDEBUG[39m [97m@wdio/browserstack-service[39m Added data to request queue. Queue length = 8
[90m2023-12-15T10:21:02.458Z[39m [32mDEBUG[39m [97m@wdio/browserstack-service[39m Added data to request queue. Queue length = 9
[90m2023-12-15T10:21:02.475Z[39m [32mDEBUG[39m [97m@wdio/browserstack-service[39m Added data to request queue. Queue length = 4
[90m2023-12-15T10:21:02.596Z[39m [32mDEBUG[39m [97m@wdio/browserstack-service[39m Added data to request queue. Queue length = 5
[90m2023-12-15T10:21:02.623Z[39m [32mDEBUG[39m [97m@wdio/browserstack-service[39m Added data to request queue. Queue length = 10
[90m2023-12-15T10:21:02.698Z[39m [32mDEBUG[39m [97m@wdio/browserstack-service[39m Added data to request queue. Queue length = 11
[90m2023-12-15T10:21:02.828Z[39m [32mDEBUG[39m [97m@wdio/browserstack-service[39m Added data to request queue. Queue length = 6
[90m2023-12-15T10:21:02.889Z[39m [32mDEBUG[39m [97m@wdio/browserstack-service[39m Added data to request queue. Queue length = 7
[90m2023-12-15T10:21:03.375Z[39m [32mDEBUG[39m [97m@wdio/browserstack-service[39m Added data to request queue. Queue length = 12
[90m2023-12-15T10:21:03.375Z[39m [32mDEBUG[39m [97m@wdio/browserstack-service[39m Added data to request queue. Queue length = 13
[90m2023-12-15T10:21:03.387Z[39m [32mDEBUG[39m [97m@wdio/browserstack-service[39m Added data to request queue. Queue length = 14
[90m2023-12-15T10:21:03.388Z[39m [32mDEBUG[39m [97m@wdio/browserstack-service[39m Added data to request queue. Queue length = 15
[90m2023-12-15T10:21:03.446Z[39m [32mDEBUG[39m [97m@wdio/browserstack-service[39m Added data to request queue. Queue length = 16
[90m2023-12-15T10:21:03.498Z[39m [32mDEBUG[39m [97m@wdio/browserstack-service[39m Added data to request queue. Queue length = 17
[90m2023-12-15T10:21:03.549Z[39m [32mDEBUG[39m [97m@wdio/browserstack-service[39m Added data to request queue. Queue length = 18
[90m2023-12-15T10:21:03.592Z[39m [32mDEBUG[39m [97m@wdio/browserstack-service[39m Added data to request queue. Queue length = 19
[90m2023-12-15T10:21:03.593Z[39m [32mDEBUG[39m [97m@wdio/browserstack-service[39m Added data to request queue. Queue length = 20
[90m2023-12-15T10:21:03.595Z[39m [32mDEBUG[39m [97m@wdio/browserstack-service[39m Added data to request queue. Queue length = 21
[90m2023-12-15T10:21:03.597Z[39m [32mDEBUG[39m [97m@wdio/browserstack-service[39m Added data to request queue. Queue length = 22
[90m2023-12-15T10:21:03.610Z[39m [32mDEBUG[39m [97m@wdio/browserstack-service[39m Added data to request queue. Queue length = 23
[90m2023-12-15T10:21:03.622Z[39m [32mDEBUG[39m [97m@wdio/browserstack-service[39m Added data to request queue. Queue length = 24
[90m2023-12-15T10:21:03.622Z[39m [32mDEBUG[39m [97m@wdio/browserstack-service[39m Added data to request queue. Queue length = 25
[90m2023-12-15T10:21:03.691Z[39m [32mDEBUG[39m [97m@wdio/browserstack-service[39m Added data to request queue. Queue length = 8
[90m2023-12-15T10:21:03.691Z[39m [32mDEBUG[39m [97m@wdio/browserstack-service[39m Added data to request queue. Queue length = 9
[90m2023-12-15T10:21:03.698Z[39m [32mDEBUG[39m [97m@wdio/browserstack-service[39m Sending data from request queue. Data length = 9, Queue length after removal = 0
[90m2023-12-15T10:21:03.701Z[39m [32mDEBUG[39m [97m@wdio/browserstack-service[39m Sending data from request queue. Data length = 25, Queue length after removal = 0
[90m2023-12-15T10:21:03.706Z[39m [32mDEBUG[39m [97m@wdio/browserstack-service[39m Added data to request queue. Queue length = 1
[90m2023-12-15T10:21:03.707Z[39m [32mDEBUG[39m [97m@wdio/browserstack-service[39m Added data to request queue. Queue length = 2
[90m2023-12-15T10:21:03.775Z[39m [32mDEBUG[39m [97m@wdio/browserstack-service[39m Added data to request queue. Queue length = 3
[90m2023-12-15T10:21:03.837Z[39m [32mDEBUG[39m [97m@wdio/browserstack-service[39m Added data to request queue. Queue length = 4
[90m2023-12-15T10:21:03.906Z[39m [32mDEBUG[39m [97m@wdio/browserstack-service[39m Added data to request queue. Queue length = 5
[90m2023-12-15T10:21:03.909Z[39m [32mDEBUG[39m [97m@wdio/browserstack-service[39m Added data to request queue. Queue length = 1
[90m2023-12-15T10:21:03.909Z[39m [32mDEBUG[39m [97m@wdio/browserstack-service[39m Added data to request queue. Queue length = 2
[90m2023-12-15T10:21:03.914Z[39m [32mDEBUG[39m [97m@wdio/browserstack-service[39m [INTERVAL_QUEUE] Success response: {"success":true}
[90m2023-12-15T10:21:03.918Z[39m [32mDEBUG[39m [97m@wdio/browserstack-service[39m [INTERVAL_QUEUE] Success response: {"success":true}
[90m2023-12-15T10:21:03.932Z[39m [32mDEBUG[39m [97m@wdio/browserstack-service[39m Added data to request queue. Queue length = 3
[90m2023-12-15T10:21:03.933Z[39m [32mDEBUG[39m [97m@wdio/browserstack-service[39m Added data to request queue. Queue length = 4
[90m2023-12-15T10:21:03.961Z[39m [32mDEBUG[39m [97m@wdio/browserstack-service[39m Added data to request queue. Queue length = 6
[90m2023-12-15T10:21:03.962Z[39m [32mDEBUG[39m [97m@wdio/browserstack-service[39m Added data to request queue. Queue length = 7
[90m2023-12-15T10:21:03.964Z[39m [32mDEBUG[39m [97m@wdio/browserstack-service[39m Added data to request queue. Queue length = 8
[90m2023-12-15T10:21:03.968Z[39m [32mDEBUG[39m [97m@wdio/browserstack-service[39m Added data to request queue. Queue length = 9
[90m2023-12-15T10:21:03.981Z[39m [32mDEBUG[39m [97m@wdio/browserstack-service[39m Added data to request queue. Queue length = 10
[90m2023-12-15T10:21:03.996Z[39m [32mDEBUG[39m [97m@wdio/browserstack-service[39m Added data to request queue. Queue length = 11
[90m2023-12-15T10:21:03.996Z[39m [32mDEBUG[39m [97m@wdio/browserstack-service[39m Added data to request queue. Queue length = 12
[90m2023-12-15T10:21:04.008Z[39m [32mDEBUG[39m [97m@wdio/browserstack-service[39m Added data to request queue. Queue length = 5
[90m2023-12-15T10:21:04.081Z[39m [32mDEBUG[39m [97m@wdio/browserstack-service[39m Added data to request queue. Queue length = 6
[90m2023-12-15T10:21:04.193Z[39m [32mDEBUG[39m [97m@wdio/browserstack-service[39m Added data to request queue. Queue length = 7
[90m2023-12-15T10:21:04.239Z[39m [32mDEBUG[39m [97m@wdio/browserstack-service[39m Added data to request queue. Queue length = 8
[90m2023-12-15T10:21:04.303Z[39m [32mDEBUG[39m [97m@wdio/browserstack-service[39m Added data to request queue. Queue length = 9
[90m2023-12-15T10:21:04.415Z[39m [32mDEBUG[39m [97m@wdio/browserstack-service[39m Added data to request queue. Queue length = 10
[90m2023-12-15T10:21:04.456Z[39m [32mDEBUG[39m [97m@wdio/browserstack-service[39m Added data to request queue. Queue length = 11
[90m2023-12-15T10:21:04.578Z[39m [32mDEBUG[39m [97m@wdio/browserstack-service[39m Added data to request queue. Queue length = 13
[90m2023-12-15T10:21:04.579Z[39m [32mDEBUG[39m [97m@wdio/browserstack-service[39m Added data to request queue. Queue length = 14
[90m2023-12-15T10:21:04.593Z[39m [32mDEBUG[39m [97m@wdio/browserstack-service[39m Added data to request queue. Queue length = 15
[90m2023-12-15T10:21:04.593Z[39m [32mDEBUG[39m [97m@wdio/browserstack-service[39m Added data to request queue. Queue length = 16
[90m2023-12-15T10:21:04.644Z[39m [32mDEBUG[39m [97m@wdio/browserstack-service[39m Added data to request queue. Queue length = 17
[90m2023-12-15T10:21:04.744Z[39m [32mDEBUG[39m [97m@wdio/browserstack-service[39m Added data to request queue. Queue length = 18
[90m2023-12-15T10:21:04.887Z[39m [32mDEBUG[39m [97m@wdio/browserstack-service[39m Added data to request queue. Queue length = 19
[90m2023-12-15T10:21:04.941Z[39m [32mDEBUG[39m [97m@wdio/browserstack-service[39m Added data to request queue. Queue length = 20
[90m2023-12-15T10:21:05.059Z[39m [32mDEBUG[39m [97m@wdio/browserstack-service[39m Added data to request queue. Queue length = 21
[90m2023-12-15T10:21:05.078Z[39m [32mDEBUG[39m [97m@wdio/browserstack-service[39m Added data to request queue. Queue length = 12
[90m2023-12-15T10:21:05.079Z[39m [32mDEBUG[39m [97m@wdio/browserstack-service[39m Added data to request queue. Queue length = 13
[90m2023-12-15T10:21:05.093Z[39m [32mDEBUG[39m [97m@wdio/browserstack-service[39m Added data to request queue. Queue length = 14
[90m2023-12-15T10:21:05.093Z[39m [32mDEBUG[39m [97m@wdio/browserstack-service[39m Added data to request queue. Queue length = 15
[90m2023-12-15T10:21:05.138Z[39m [32mDEBUG[39m [97m@wdio/browserstack-service[39m Added data to request queue. Queue length = 16
[90m2023-12-15T10:21:05.185Z[39m [32mDEBUG[39m [97m@wdio/browserstack-service[39m Added data to request queue. Queue length = 17
[90m2023-12-15T10:21:05.230Z[39m [32mDEBUG[39m [97m@wdio/browserstack-service[39m Added data to request queue. Queue length = 22
[90m2023-12-15T10:21:05.230Z[39m [32mDEBUG[39m [97m@wdio/browserstack-service[39m Added data to request queue. Queue length = 18
[90m2023-12-15T10:21:05.261Z[39m [32mDEBUG[39m [97m@wdio/browserstack-service[39m Added data to request queue. Queue length = 19
[90m2023-12-15T10:21:05.262Z[39m [32mDEBUG[39m [97m@wdio/browserstack-service[39m Added data to request queue. Queue length = 20
[90m2023-12-15T10:21:05.264Z[39m [32mDEBUG[39m [97m@wdio/browserstack-service[39m Added data to request queue. Queue length = 21
[90m2023-12-15T10:21:05.266Z[39m [96mINFO[39m [97m@wdio/browserstack-service[39m Update job with sessionId 51b722317e5658498baaa98710fb1c07d7783c59
[90m2023-12-15T10:21:05.266Z[39m [32mDEBUG[39m [97m@wdio/browserstack-service[39m Updating Browserstack session at https://api.browserstack.com/automate/sessions/51b722317e5658498baaa98710fb1c07d7783c59.json with request body: 
[90m2023-12-15T10:21:05.293Z[39m [32mDEBUG[39m [97m@wdio/browserstack-service[39m Added data to request queue. Queue length = 23
[90m2023-12-15T10:21:05.698Z[39m [32mDEBUG[39m [97m@wdio/browserstack-service[39m Sending data from request queue. Data length = 23, Queue length after removal = 0
[90m2023-12-15T10:21:05.702Z[39m [32mDEBUG[39m [97m@wdio/browserstack-service[39m Sending data from request queue. Data length = 21, Queue length after removal = 0
[90m2023-12-15T10:21:05.927Z[39m [32mDEBUG[39m [97m@wdio/browserstack-service[39m [INTERVAL_QUEUE] Success response: {"success":true}
[90m2023-12-15T10:21:05.935Z[39m [32mDEBUG[39m [97m@wdio/browserstack-service[39m [INTERVAL_QUEUE] Success response: {"success":true}
[90m2023-12-15T10:21:06.202Z[39m [32mDEBUG[39m [97m@wdio/browserstack-service[39m Added data to request queue. Queue length = 1
[90m2023-12-15T10:21:06.203Z[39m [32mDEBUG[39m [97m@wdio/browserstack-service[39m Added data to request queue. Queue length = 2
[90m2023-12-15T10:21:06.217Z[39m [32mDEBUG[39m [97m@wdio/browserstack-service[39m Added data to request queue. Queue length = 3
[90m2023-12-15T10:21:06.218Z[39m [32mDEBUG[39m [97m@wdio/browserstack-service[39m Added data to request queue. Queue length = 4
[90m2023-12-15T10:21:06.291Z[39m [32mDEBUG[39m [97m@wdio/browserstack-service[39m Added data to request queue. Queue length = 5
[90m2023-12-15T10:21:06.339Z[39m [32mDEBUG[39m [97m@wdio/browserstack-service[39m Added data to request queue. Queue length = 6
[90m2023-12-15T10:21:06.401Z[39m [32mDEBUG[39m [97m@wdio/browserstack-service[39m Added data to request queue. Queue length = 7
[90m2023-12-15T10:21:06.442Z[39m [32mDEBUG[39m [97m@wdio/browserstack-service[39m Added data to request queue. Queue length = 8
[90m2023-12-15T10:21:06.484Z[39m [32mDEBUG[39m [97m@wdio/browserstack-service[39m Shutting down request queue
[90m2023-12-15T10:21:06.443Z[39m [32mDEBUG[39m [97m@wdio/browserstack-service[39m Added data to request queue. Queue length = 9
[90m2023-12-15T10:21:06.444Z[39m [32mDEBUG[39m [97m@wdio/browserstack-service[39m Added data to request queue. Queue length = 10
[90m2023-12-15T10:21:06.446Z[39m [96mINFO[39m [97m@wdio/browserstack-service[39m Update job with sessionId bb42bbd5ba8f03948b6a7879ebc6249cec535f35
[90m2023-12-15T10:21:06.446Z[39m [32mDEBUG[39m [97m@wdio/browserstack-service[39m Updating Browserstack session at https://api.browserstack.com/automate/sessions/bb42bbd5ba8f03948b6a7879ebc6249cec535f35.json with request body: 
[90m2023-12-15T10:21:06.980Z[39m [32mDEBUG[39m [97m@wdio/browserstack-service[39m Shutting down request queue
[90m2023-12-15T10:21:07.207Z[39m [32mDEBUG[39m [97m@wdio/browserstack-service[39m [SHUTDOWN_QUEUE] Success response: {"success":true}
[90m2023-12-15T10:21:07.799Z[39m [32mDEBUG[39m [97m@wdio/browserstack-service[39m Added data to request queue. Queue length = 1
[90m2023-12-15T10:21:07.799Z[39m [32mDEBUG[39m [97m@wdio/browserstack-service[39m Force request-queue shutdown, as test run event is received after teardown
[90m2023-12-15T10:21:07.799Z[39m [32mDEBUG[39m [97m@wdio/browserstack-service[39m Resetting request queue
[90m2023-12-15T10:21:07.799Z[39m [32mDEBUG[39m [97m@wdio/browserstack-service[39m Sending data from request queue. Data length = 1, Queue length after removal = 0
[90m2023-12-15T10:21:08.408Z[39m [32mDEBUG[39m [97m@wdio/browserstack-service[39m Added data to request queue. Queue length = 1
[90m2023-12-15T10:21:08.408Z[39m [32mDEBUG[39m [97m@wdio/browserstack-service[39m Force request-queue shutdown, as test run event is received after teardown
[90m2023-12-15T10:21:08.409Z[39m [32mDEBUG[39m [97m@wdio/browserstack-service[39m Resetting request queue
[90m2023-12-15T10:21:08.409Z[39m [32mDEBUG[39m [97m@wdio/browserstack-service[39m Sending data from request queue. Data length = 1, Queue length after removal = 0
[90m2023-12-15T10:21:08.541Z[39m [32mDEBUG[39m [97m@wdio/browserstack-service[39m Inside OnComplete hook..
[90m2023-12-15T10:21:08.541Z[39m [32mDEBUG[39m [97m@wdio/browserstack-service[39m Sending stop launch event
[90m2023-12-15T10:21:08.766Z[39m [32mDEBUG[39m [97m@wdio/browserstack-service[39m [STOP_BUILD] Success response: ""
[90m2023-12-15T10:21:11.500Z[39m [32mDEBUG[39m [97m@wdio/browserstack-service[39m Response - {
  status: 'success',
  message: 'Logs upload successful in file - logs.gz'
}
